PLINK v1.90b6.21 64-bit (19 Oct 2020)
Options in effect:
  --allow-extra-chr
  --out STJAPCA
  --pca
  --vcf ../VCFs/41-Cyanocitta_annotated_pruned_0.6.vcf

Hostname: MVZCCGP2
Working directory: /media/data2/STJARangewideGenomics/PCA
Start time: Sat Mar  9 16:32:43 2024

Random number seed: 1710030763
128708 MB RAM detected; reserving 64354 MB for main workspace.
--vcf: STJAPCA-temporary.bed + STJAPCA-temporary.bim + STJAPCA-temporary.fam
written.
7243417 variants loaded from .bim file.
310 people (0 males, 0 females, 310 ambiguous) loaded from .fam.
Ambiguous sex IDs written to STJAPCA.nosex .
Using up to 11 threads (change this with --threads).
Before main variant filters, 310 founders and 0 nonfounders present.
Calculating allele frequencies... done.
Total genotyping rate is 0.996049.
7243417 variants and 310 people pass filters and QC.
Note: No phenotypes present.
Relationship matrix calculation complete.
--pca: Results saved to STJAPCA.eigenval and STJAPCA.eigenvec .

End time: Sat Mar  9 16:33:40 2024
