
VCFtools - 0.1.16
(C) Adam Auton and Anthony Marcketta 2009

Parameters as interpreted:
	--vcf 41-Cyanocitta_annotated_pruned_0.6.vcf
	--out Cyanocitta_LDPruned_NWInt_Rocky.vcf
	--recode
	--remove-indv MVZ177677
	--remove-indv MVZ177815
	--remove-indv MVZ177821
	--remove-indv MVZ177834
	--remove-indv MVZ177835
	--remove-indv MVZ177870
	--remove-indv MVZ177931
	--remove-indv MVZ177939
	--remove-indv MVZ177951
	--remove-indv MVZ178462
	--remove-indv MVZ178464
	--remove-indv MVZ178468
	--remove-indv MVZ178472
	--remove-indv MVZ178476
	--remove-indv MVZ178478
	--remove-indv MVZ178480
	--remove-indv MVZ178481
	--remove-indv MVZ178492
	--remove-indv MVZ179130
	--remove-indv MVZ179131
	--remove-indv MVZ179132
	--remove-indv MVZ179133
	--remove-indv MVZ179136
	--remove-indv MVZ179141
	--remove-indv MVZ179142
	--remove-indv MVZ179148
	--remove-indv MVZ179149
	--remove-indv MVZ179150
	--remove-indv MVZ179151
	--remove-indv MVZ179158
	--remove-indv MVZ179160
	--remove-indv MVZ179161
	--remove-indv MVZ179162
	--remove-indv MVZ179715
	--remove-indv MVZ179716
	--remove-indv MVZ179765
	--remove-indv MVZ179780
	--remove-indv MVZ180039
	--remove-indv MVZ180272
	--remove-indv MVZ180273
	--remove-indv MVZ180274
	--remove-indv MVZ180275
	--remove-indv MVZ180276
	--remove-indv MVZ180291
	--remove-indv MVZ181877
	--remove-indv MVZ181905
	--remove-indv MVZ182139
	--remove-indv MVZ182140
	--remove-indv MVZ182143
	--remove-indv MVZ182144
	--remove-indv MVZ182148
	--remove-indv MVZ183663
	--remove-indv MVZ188144
	--remove-indv MVZ189266
	--remove-indv MVZ189267
	--remove-indv MVZCCGP-Cst100_I-E07
	--remove-indv MVZCCGP-Cst101_I-F07
	--remove-indv MVZCCGP-Cst102_I-G07
	--remove-indv MVZCCGP-Cst103_I-H07
	--remove-indv MVZCCGP-Cst104_I-A08
	--remove-indv MVZCCGP-Cst105_II-E05
	--remove-indv MVZCCGP-Cst106_I-B08
	--remove-indv MVZCCGP-Cst107_I-C08
	--remove-indv MVZCCGP-Cst108_I-D08
	--remove-indv MVZCCGP-Cst109_I-E08
	--remove-indv MVZCCGP-Cst10_I-A02
	--remove-indv MVZCCGP-Cst110_I-F08
	--remove-indv MVZCCGP-Cst111_I-G08
	--remove-indv MVZCCGP-Cst112_I-H08
	--remove-indv MVZCCGP-Cst113_I-A09
	--remove-indv MVZCCGP-Cst114_I-B09
	--remove-indv MVZCCGP-Cst115_I-C09
	--remove-indv MVZCCGP-Cst116_I-D09
	--remove-indv MVZCCGP-Cst117_I-E09
	--remove-indv MVZCCGP-Cst118_II-F05
	--remove-indv MVZCCGP-Cst119_II-G05
	--remove-indv MVZCCGP-Cst11_I-B02
	--remove-indv MVZCCGP-Cst120_II-H05
	--remove-indv MVZCCGP-Cst121_I-F09
	--remove-indv MVZCCGP-Cst122_I-G09
	--remove-indv MVZCCGP-Cst123_II-A06
	--remove-indv MVZCCGP-Cst124_I-H09
	--remove-indv MVZCCGP-Cst125_I-A10
	--remove-indv MVZCCGP-Cst126_I-B10
	--remove-indv MVZCCGP-Cst127_II-B06
	--remove-indv MVZCCGP-Cst128_I-C10
	--remove-indv MVZCCGP-Cst129_I-D10
	--remove-indv MVZCCGP-Cst12_I-C02
	--remove-indv MVZCCGP-Cst130_I-E10
	--remove-indv MVZCCGP-Cst131_I-F10
	--remove-indv MVZCCGP-Cst132_I-G10
	--remove-indv MVZCCGP-Cst133_I-H10
	--remove-indv MVZCCGP-Cst134_II-C06
	--remove-indv MVZCCGP-Cst135_II-D06
	--remove-indv MVZCCGP-Cst136_I-A11
	--remove-indv MVZCCGP-Cst137_II-E06
	--remove-indv MVZCCGP-Cst138_II-F06
	--remove-indv MVZCCGP-Cst139_II-G06
	--remove-indv MVZCCGP-Cst13_I-D02
	--remove-indv MVZCCGP-Cst140_I-B11
	--remove-indv MVZCCGP-Cst141_II-H06
	--remove-indv MVZCCGP-Cst142_I-C11
	--remove-indv MVZCCGP-Cst143_I-D11
	--remove-indv MVZCCGP-Cst144_I-E11
	--remove-indv MVZCCGP-Cst145_I-F11
	--remove-indv MVZCCGP-Cst147_I-G11
	--remove-indv MVZCCGP-Cst148_I-H11
	--remove-indv MVZCCGP-Cst149_I-A12
	--remove-indv MVZCCGP-Cst14_I-E02
	--remove-indv MVZCCGP-Cst150_II-A07
	--remove-indv MVZCCGP-Cst151_I-B12
	--remove-indv MVZCCGP-Cst152_I-C12
	--remove-indv MVZCCGP-Cst153_I-D12
	--remove-indv MVZCCGP-Cst154_I-E12
	--remove-indv MVZCCGP-Cst155_II-B07
	--remove-indv MVZCCGP-Cst156_II-C07
	--remove-indv MVZCCGP-Cst157_II-D07
	--remove-indv MVZCCGP-Cst158_I-F12
	--remove-indv MVZCCGP-Cst159_I-G12
	--remove-indv MVZCCGP-Cst15_I-F02
	--remove-indv MVZCCGP-Cst160_I-H12
	--remove-indv MVZCCGP-Cst16_I-G02
	--remove-indv MVZCCGP-Cst17_II-B01
	--remove-indv MVZCCGP-Cst18_I-H02
	--remove-indv MVZCCGP-Cst1_I-A01
	--remove-indv MVZCCGP-Cst20_I-A03
	--remove-indv MVZCCGP-Cst21_II-C01
	--remove-indv MVZCCGP-Cst22_I-B03
	--remove-indv MVZCCGP-Cst23_I-C03
	--remove-indv MVZCCGP-Cst24_II-D01
	--remove-indv MVZCCGP-Cst25_II-E01
	--remove-indv MVZCCGP-Cst26_II-F01
	--remove-indv MVZCCGP-Cst28_I-D03
	--remove-indv MVZCCGP-Cst29_II-G01
	--remove-indv MVZCCGP-Cst2_I-B01
	--remove-indv MVZCCGP-Cst30_II-H01
	--remove-indv MVZCCGP-Cst31_II-A02
	--remove-indv MVZCCGP-Cst32_II-B02
	--remove-indv MVZCCGP-Cst33_II-C02
	--remove-indv MVZCCGP-Cst34_I-E03
	--remove-indv MVZCCGP-Cst35_I-F03
	--remove-indv MVZCCGP-Cst37_I-G03
	--remove-indv MVZCCGP-Cst38_II-D02
	--remove-indv MVZCCGP-Cst39_I-H03
	--remove-indv MVZCCGP-Cst3_I-C01
	--remove-indv MVZCCGP-Cst40_I-A04
	--remove-indv MVZCCGP-Cst41_I-B04
	--remove-indv MVZCCGP-Cst42_I-C04
	--remove-indv MVZCCGP-Cst43_I-D04
	--remove-indv MVZCCGP-Cst44_I-E04
	--remove-indv MVZCCGP-Cst45_I-F04
	--remove-indv MVZCCGP-Cst47_I-G04
	--remove-indv MVZCCGP-Cst48_II-E02
	--remove-indv MVZCCGP-Cst49_II-F02
	--remove-indv MVZCCGP-Cst4_I-D01
	--remove-indv MVZCCGP-Cst50_II-G02
	--remove-indv MVZCCGP-Cst54_I-H04
	--remove-indv MVZCCGP-Cst55_II-H02
	--remove-indv MVZCCGP-Cst56_II-A03
	--remove-indv MVZCCGP-Cst57_II-B03
	--remove-indv MVZCCGP-Cst58_II-C03
	--remove-indv MVZCCGP-Cst59_I-A05
	--remove-indv MVZCCGP-Cst5_I-E01
	--remove-indv MVZCCGP-Cst60_I-B05
	--remove-indv MVZCCGP-Cst61_II-D03
	--remove-indv MVZCCGP-Cst62_I-C05
	--remove-indv MVZCCGP-Cst63_II-E03
	--remove-indv MVZCCGP-Cst64_II-F03
	--remove-indv MVZCCGP-Cst65_II-G03
	--remove-indv MVZCCGP-Cst66_II-H03
	--remove-indv MVZCCGP-Cst67_I-D05
	--remove-indv MVZCCGP-Cst68_I-E05
	--remove-indv MVZCCGP-Cst6_II-A01
	--remove-indv MVZCCGP-Cst70_I-F05
	--remove-indv MVZCCGP-Cst71_I-G05
	--remove-indv MVZCCGP-Cst72_II-A04
	--remove-indv MVZCCGP-Cst73_II-B04
	--remove-indv MVZCCGP-Cst74_I-H05
	--remove-indv MVZCCGP-Cst75_II-C04
	--remove-indv MVZCCGP-Cst76_II-D04
	--remove-indv MVZCCGP-Cst77_II-E04
	--remove-indv MVZCCGP-Cst78_I-A06
	--remove-indv MVZCCGP-Cst79_II-F04
	--remove-indv MVZCCGP-Cst7_I-F01
	--remove-indv MVZCCGP-Cst80_II-G04
	--remove-indv MVZCCGP-Cst81_II-E07
	--remove-indv MVZCCGP-Cst83_II-H04
	--remove-indv MVZCCGP-Cst84_I-B06
	--remove-indv MVZCCGP-Cst85_I-C06
	--remove-indv MVZCCGP-Cst86_II-A05
	--remove-indv MVZCCGP-Cst87_I-D06
	--remove-indv MVZCCGP-Cst88_I-E06
	--remove-indv MVZCCGP-Cst89_I-F06
	--remove-indv MVZCCGP-Cst8_I-G01
	--remove-indv MVZCCGP-Cst90_I-G06
	--remove-indv MVZCCGP-Cst91_I-H06
	--remove-indv MVZCCGP-Cst92_II-B05
	--remove-indv MVZCCGP-Cst93_II-C05
	--remove-indv MVZCCGP-Cst94_I-A07
	--remove-indv MVZCCGP-Cst95_II-D05
	--remove-indv MVZCCGP-Cst96_II-F07
	--remove-indv MVZCCGP-Cst97_I-B07
	--remove-indv MVZCCGP-Cst98_I-C07
	--remove-indv MVZCCGP-Cst99_I-D07
	--remove-indv MVZCCGP-Cst9_I-H01
	--remove-indv UWBM106814

Warning: Expected at least 2 parts in FORMAT entry: ID=PGT,Number=1,Type=String,Description="Physical phasing haplotype information, describing how the alternate alleles are phased in relation to one another">
Warning: Expected at least 2 parts in FORMAT entry: ID=PID,Number=1,Type=String,Description="Physical phasing ID information, where each unique ID within a given sample (but not across samples) connects records within a phasing group">
Warning: Expected at least 2 parts in INFO entry: ID=AC,Number=A,Type=Integer,Description="Allele count in genotypes, for each ALT allele, in the same order as listed">
Warning: Expected at least 2 parts in INFO entry: ID=AC,Number=A,Type=Integer,Description="Allele count in genotypes, for each ALT allele, in the same order as listed">
Warning: Expected at least 2 parts in INFO entry: ID=AF,Number=A,Type=Float,Description="Allele frequency, for each ALT allele, in the same order as listed">
Warning: Expected at least 2 parts in INFO entry: ID=AF,Number=A,Type=Float,Description="Allele frequency, for each ALT allele, in the same order as listed">
Warning: Expected at least 2 parts in INFO entry: ID=MLEAC,Number=A,Type=Integer,Description="Maximum likelihood expectation (MLE) for the allele counts, for each ALT allele, in the same order as listed">
Warning: Expected at least 2 parts in INFO entry: ID=MLEAC,Number=A,Type=Integer,Description="Maximum likelihood expectation (MLE) for the allele counts, for each ALT allele, in the same order as listed">
Warning: Expected at least 2 parts in INFO entry: ID=MLEAF,Number=A,Type=Float,Description="Maximum likelihood expectation (MLE) for the allele frequency, for each ALT allele, in the same order as listed">
Warning: Expected at least 2 parts in INFO entry: ID=MLEAF,Number=A,Type=Float,Description="Maximum likelihood expectation (MLE) for the allele frequency, for each ALT allele, in the same order as listed">
Excluding individuals in 'exclude' list
After filtering, kept 104 out of 310 Individuals
Outputting VCF file...
After filtering, kept 498368 out of a possible 498368 Sites
Run Time = 87.00 seconds
